[22:02:53] Launcher start
[22:02:55] Starting server.mjs
[22:03:31] Launcher start
[22:03:33] Starting server.mjs
[22:03:33] Server PID=21016
[22:03:34] Server is listening; opening browser
[22:11:37] launch.ps1 start
[22:11:39] Starting server.mjs
[22:11:39] Server PID=31936
[22:11:40] Server is listening; opening browser
[22:15:27] launch.ps1 start
[22:15:29] Starting server.mjs
[22:15:29] Server PID=18772
[22:15:29] Server is listening; opening browser
[22:16:16] launch.ps1 start
[22:16:18] Starting server.mjs
[22:16:18] Server PID=37120
[22:16:18] Server is listening; opening browser
[22:30:22] launch.ps1 start
[22:30:24] Starting server.mjs
[22:30:24] Server window started
[22:30:24] Server is listening; opening browser
[22:30:24] Launcher exit 0
[22:33:01] launch.ps1 start
[22:33:01] Port in use: 2603
[22:48:47] launch.ps1 start
[22:48:49] Starting server.mjs
[22:48:49] Server PID=2052
[22:48:50] Server is listening; opening browser
[22:48:50] Launcher exit 0
[10:24:08] launch.ps1 start
[10:24:08] Port in use: 2603
[21:29:31] launch.ps1 start
[21:29:31] Port in use: 2603
